Using pre-set license
Built from '2020.3/release' branch; Version is '2020.3.2f1 (8fd9074bf66c) revision 9427207'; Using compiler version '192528614'; Build Type 'Release'
OS: 'Windows 10 Pro; OS build 19042.1165; Version 2009; 64bit' Language: 'en' Physical Memory: 16298 MB
BatchMode: 1, IsHumanControllingUs: 0, StartBugReporterOnCrash: 0, Is64bit: 1, IsPro: 0

 COMMAND LINE ARGUMENTS:
C:\Program Files\Unity\Hub\Editor\2020.3.2f1\Editor\Unity.exe
-adb2
-batchMode
-noUpm
-name
AssetImportWorker0
-projectPath
C:/- Leonardo Fraga Games/Projects/SnakeProject
-logFile
Logs/AssetImportWorker0.log
-srvPort
4382
Successfully changed project path to: C:/- Leonardo Fraga Games/Projects/SnakeProject
C:/- Leonardo Fraga Games/Projects/SnakeProject
Using Asset Import Pipeline V2.
Refreshing native plugins compatible for Editor in 25.28 ms, found 1 plugins.
Preloading 0 native plugins for Editor in 0.00 ms.
Initialize engine version: 2020.3.2f1 (8fd9074bf66c)
[Subsystems] Discovering subsystems at path C:/Program Files/Unity/Hub/Editor/2020.3.2f1/Editor/Data/Resources/UnitySubsystems
[Subsystems] Discovering subsystems at path C:/- Leonardo Fraga Games/Projects/SnakeProject/Assets
GfxDevice: creating device client; threaded=0
Direct3D:
    Version:  Direct3D 11.0 [level 11.1]
    Renderer: NVIDIA GeForce GTX 1660 SUPER (ID=0x21c4)
    Vendor:   
    VRAM:     5991 MB
    Driver:   27.21.14.6611
Initialize mono
Mono path[0] = 'C:/Program Files/Unity/Hub/Editor/2020.3.2f1/Editor/Data/Managed'
Mono path[1] = 'C:/Program Files/Unity/Hub/Editor/2020.3.2f1/Editor/Data/MonoBleedingEdge/lib/mono/unityjit'
Mono config path = 'C:/Program Files/Unity/Hub/Editor/2020.3.2f1/Editor/Data/MonoBleedingEdge/etc'
Using monoOptions --debugger-agent=transport=dt_socket,embedding=1,server=y,suspend=n,address=127.0.0.1:56108
Begin MonoManager ReloadAssembly
Registering precompiled unity dll's ...
Register platform support module: C:/Program Files/Unity/Hub/Editor/2020.3.2f1/Editor/Data/PlaybackEngines/WebGLSupport/UnityEditor.WebGL.Extensions.dll
Register platform support module: C:/Program Files/Unity/Hub/Editor/2020.3.2f1/Editor/Data/PlaybackEngines/WindowsStandaloneSupport/UnityEditor.WindowsStandalone.Extensions.dll
Registered in 0.001602 seconds.
Native extension for WindowsStandalone target not found
Native extension for WebGL target not found
Refreshing native plugins compatible for Editor in 24.65 ms, found 1 plugins.
Preloading 0 native plugins for Editor in 0.00 ms.
Invoked RoslynAnalysisRunner static constructor.
RoslynAnalysisRunner will not be running.
RoslynAnalysisRunner has terminated.
Mono: successfully reloaded assembly
- Completed reload, in  1.319 seconds
Platform modules already initialized, skipping
Registering precompiled user dll's ...
Registered in 0.000575 seconds.
Begin MonoManager ReloadAssembly
Native extension for WindowsStandalone target not found
Native extension for WebGL target not found
Refreshing native plugins compatible for Editor in 23.45 ms, found 1 plugins.
Preloading 0 native plugins for Editor in 0.00 ms.
Invoked RoslynAnalysisRunner static constructor.
RoslynAnalysisRunner will not be running.
RoslynAnalysisRunner has terminated.
Mono: successfully reloaded assembly
- Completed reload, in  0.580 seconds
Platform modules already initialized, skipping
========================================================================
Worker process is ready to serve import requests
Launched and connected shader compiler UnityShaderCompiler.exe after 0.03 seconds
Refreshing native plugins compatible for Editor in 0.34 ms, found 1 plugins.
Preloading 0 native plugins for Editor in 0.00 ms.
Unloading 1821 Unused Serialized files (Serialized files now loaded: 0)
System memory in use before: 85.3 MB.
System memory in use after: 85.3 MB.

Unloading 24 unused Assets to reduce memory usage. Loaded Objects now: 2265.
Total: 2.111300 ms (FindLiveObjects: 0.147000 ms CreateObjectMapping: 0.154300 ms MarkObjects: 1.721500 ms  DeleteObjects: 0.087700 ms)

========================================================================
Received Import Request.
  path: Assets/Images/Box.psd
  artifactKey: Guid(376ee92b68b61b849ac4b922268c9cbb) Importer(815301076,1909f56bfc062723c751e8b465ee728b)
Start importing Assets/Images/Box.psd using Guid(376ee92b68b61b849ac4b922268c9cbb) Importer(815301076,1909f56bfc062723c751e8b465ee728b)  -> (artifact id: '5e69543c1ef23db66ea01fe5cb0d9c05') in 0.062547 seconds
  Import took 0.064827 seconds .

========================================================================
Received Import Request.
  Time since last request: 116.691049 seconds.
  path: Assets/Images/Box.psd
  artifactKey: Guid(376ee92b68b61b849ac4b922268c9cbb) Importer(815301076,1909f56bfc062723c751e8b465ee728b)
Start importing Assets/Images/Box.psd using Guid(376ee92b68b61b849ac4b922268c9cbb) Importer(815301076,1909f56bfc062723c751e8b465ee728b)  -> (artifact id: '7cc0f25ecf577b6ba1b6ff60ebb5e016') in 0.009800 seconds
  Import took 0.012194 seconds .

========================================================================
Received Import Request.
  Time since last request: 0.020058 seconds.
  path: Assets/Images/Box.psd
  artifactKey: Guid(376ee92b68b61b849ac4b922268c9cbb) Importer(815301076,1909f56bfc062723c751e8b465ee728b)
Start importing Assets/Images/Box.psd using Guid(376ee92b68b61b849ac4b922268c9cbb) Importer(815301076,1909f56bfc062723c751e8b465ee728b)  -> (artifact id: '7cc0f25ecf577b6ba1b6ff60ebb5e016') in 0.007565 seconds
  Import took 0.009633 seconds .

========================================================================
Received Import Request.
  Time since last request: 2.863571 seconds.
  path: Assets/Images/Box.psd
  artifactKey: Guid(376ee92b68b61b849ac4b922268c9cbb) Importer(815301076,1909f56bfc062723c751e8b465ee728b)
Start importing Assets/Images/Box.psd using Guid(376ee92b68b61b849ac4b922268c9cbb) Importer(815301076,1909f56bfc062723c751e8b465ee728b)  -> (artifact id: 'c47301ee6fd75ea1f44c8bef608888cb') in 0.025277 seconds
  Import took 0.027472 seconds .

========================================================================
Received Import Request.
  Time since last request: 13.732636 seconds.
  path: Assets/Images/Box.psd
  artifactKey: Guid(376ee92b68b61b849ac4b922268c9cbb) Importer(815301076,1909f56bfc062723c751e8b465ee728b)
Start importing Assets/Images/Box.psd using Guid(376ee92b68b61b849ac4b922268c9cbb) Importer(815301076,1909f56bfc062723c751e8b465ee728b)  -> (artifact id: '50ff138e6a52b891ccd2f425d236b71a') in 0.011985 seconds
  Import took 0.014257 seconds .

========================================================================
Received Import Request.
  Time since last request: 4.119054 seconds.
  path: Assets/Images/Box.psd
  artifactKey: Guid(376ee92b68b61b849ac4b922268c9cbb) Importer(815301076,1909f56bfc062723c751e8b465ee728b)
Start importing Assets/Images/Box.psd using Guid(376ee92b68b61b849ac4b922268c9cbb) Importer(815301076,1909f56bfc062723c751e8b465ee728b)  -> (artifact id: '35517125cb9fc6bc748fc6431c8f0575') in 0.022916 seconds
  Import took 0.025164 seconds .

========================================================================
Received Import Request.
  Time since last request: 4.885919 seconds.
  path: Assets/Images/Box.psd
  artifactKey: Guid(376ee92b68b61b849ac4b922268c9cbb) Importer(815301076,1909f56bfc062723c751e8b465ee728b)
Start importing Assets/Images/Box.psd using Guid(376ee92b68b61b849ac4b922268c9cbb) Importer(815301076,1909f56bfc062723c751e8b465ee728b)  -> (artifact id: '87eada4654cd615b5aef5dfb6335505f') in 0.028113 seconds
  Import took 0.030289 seconds .

========================================================================
Received Import Request.
  Time since last request: 4.480402 seconds.
  path: Assets/Images/Box.psd
  artifactKey: Guid(376ee92b68b61b849ac4b922268c9cbb) Importer(815301076,1909f56bfc062723c751e8b465ee728b)
Start importing Assets/Images/Box.psd using Guid(376ee92b68b61b849ac4b922268c9cbb) Importer(815301076,1909f56bfc062723c751e8b465ee728b)  -> (artifact id: '17357ca7357feede378f8a36bc811d90') in 0.005675 seconds
  Import took 0.007777 seconds .

========================================================================
Received Import Request.
  Time since last request: 19.147337 seconds.
  path: Assets/Images/Box.psd
  artifactKey: Guid(376ee92b68b61b849ac4b922268c9cbb) Importer(815301076,1909f56bfc062723c751e8b465ee728b)
Start importing Assets/Images/Box.psd using Guid(376ee92b68b61b849ac4b922268c9cbb) Importer(815301076,1909f56bfc062723c751e8b465ee728b)  -> (artifact id: 'bc9ee991b613868da4c819e3d1a6c795') in 0.015331 seconds
  Import took 0.017620 seconds .

========================================================================
Received Import Request.
  Time since last request: 4.440464 seconds.
  path: Assets/Images/Box.psd
  artifactKey: Guid(376ee92b68b61b849ac4b922268c9cbb) Importer(815301076,1909f56bfc062723c751e8b465ee728b)
Start importing Assets/Images/Box.psd using Guid(376ee92b68b61b849ac4b922268c9cbb) Importer(815301076,1909f56bfc062723c751e8b465ee728b)  -> (artifact id: '335141e339629be4207f69fb7bcd9fe0') in 0.016131 seconds
  Import took 0.018312 seconds .

========================================================================
Received Import Request.
  Time since last request: 5.990959 seconds.
  path: Assets/Images/Box.psd
  artifactKey: Guid(376ee92b68b61b849ac4b922268c9cbb) Importer(815301076,1909f56bfc062723c751e8b465ee728b)
Start importing Assets/Images/Box.psd using Guid(376ee92b68b61b849ac4b922268c9cbb) Importer(815301076,1909f56bfc062723c751e8b465ee728b)  -> (artifact id: '5fb8f4b0a90f7d5475a1be39c406da7e') in 0.027033 seconds
  Import took 0.029221 seconds .

========================================================================
Received Import Request.
  Time since last request: 3.979821 seconds.
  path: Assets/Images/Box.psd
  artifactKey: Guid(376ee92b68b61b849ac4b922268c9cbb) Importer(815301076,1909f56bfc062723c751e8b465ee728b)
Start importing Assets/Images/Box.psd using Guid(376ee92b68b61b849ac4b922268c9cbb) Importer(815301076,1909f56bfc062723c751e8b465ee728b)  -> (artifact id: 'b23f2865db58fbf73e602520630f51a7') in 0.004390 seconds
  Import took 0.006580 seconds .

========================================================================
Received Import Request.
  Time since last request: 6.363066 seconds.
  path: Assets/Images/Box.psd
  artifactKey: Guid(376ee92b68b61b849ac4b922268c9cbb) Importer(815301076,1909f56bfc062723c751e8b465ee728b)
Start importing Assets/Images/Box.psd using Guid(376ee92b68b61b849ac4b922268c9cbb) Importer(815301076,1909f56bfc062723c751e8b465ee728b)  -> (artifact id: '7e6ef052810162b89a299574011ff6b9') in 0.025041 seconds
  Import took 0.027292 seconds .

========================================================================
Received Import Request.
  Time since last request: 1598.748030 seconds.
  path: Assets/Images/Box.png
  artifactKey: Guid(a3557086f4f9628418a1e16aa4588e37) Importer(815301076,1909f56bfc062723c751e8b465ee728b)
Start importing Assets/Images/Box.png using Guid(a3557086f4f9628418a1e16aa4588e37) Importer(815301076,1909f56bfc062723c751e8b465ee728b)  -> (artifact id: '2231b54adb4c32c79dee664984fe4cd2') in 0.035990 seconds
  Import took 0.038506 seconds .

========================================================================
Received Import Request.
  Time since last request: 0.000129 seconds.
  path: Assets/Images/Box Tiles.png
  artifactKey: Guid(c215ccf64ee861049bd16f424cf2f9f9) Importer(815301076,1909f56bfc062723c751e8b465ee728b)
Start importing Assets/Images/Box Tiles.png using Guid(c215ccf64ee861049bd16f424cf2f9f9) Importer(815301076,1909f56bfc062723c751e8b465ee728b)  -> (artifact id: '1db8b7ee2e1147b8b5cc119d69f632d0') in 0.009978 seconds
  Import took 0.012083 seconds .

========================================================================
Received Import Request.
  Time since last request: 0.000116 seconds.
  path: Assets/Images/Box.png
  artifactKey: Guid(a3557086f4f9628418a1e16aa4588e37) Importer(815301076,1909f56bfc062723c751e8b465ee728b)
Start importing Assets/Images/Box.png using Guid(a3557086f4f9628418a1e16aa4588e37) Importer(815301076,1909f56bfc062723c751e8b465ee728b)  -> (artifact id: '2231b54adb4c32c79dee664984fe4cd2') in 0.007160 seconds
  Import took 0.009040 seconds .

========================================================================
Received Import Request.
  Time since last request: 0.004587 seconds.
  path: Assets/Images/Box Tiles.png
  artifactKey: Guid(c215ccf64ee861049bd16f424cf2f9f9) Importer(815301076,1909f56bfc062723c751e8b465ee728b)
Start importing Assets/Images/Box Tiles.png using Guid(c215ccf64ee861049bd16f424cf2f9f9) Importer(815301076,1909f56bfc062723c751e8b465ee728b)  -> (artifact id: '1db8b7ee2e1147b8b5cc119d69f632d0') in 0.013411 seconds
  Import took 0.015388 seconds .

========================================================================
Received Import Request.
  Time since last request: 16.601810 seconds.
  path: Assets/Images/Box.png
  artifactKey: Guid(a3557086f4f9628418a1e16aa4588e37) Importer(815301076,1909f56bfc062723c751e8b465ee728b)
Start importing Assets/Images/Box.png using Guid(a3557086f4f9628418a1e16aa4588e37) Importer(815301076,1909f56bfc062723c751e8b465ee728b)  -> (artifact id: '1ad1bb9c92a20f1e80689ef8591a45dd') in 0.017644 seconds
  Import took 0.019788 seconds .

========================================================================
Received Import Request.
  Time since last request: 3.731372 seconds.
  path: Assets/Images/Box Tiles.png
  artifactKey: Guid(c215ccf64ee861049bd16f424cf2f9f9) Importer(815301076,1909f56bfc062723c751e8b465ee728b)
Start importing Assets/Images/Box Tiles.png using Guid(c215ccf64ee861049bd16f424cf2f9f9) Importer(815301076,1909f56bfc062723c751e8b465ee728b)  -> (artifact id: 'e178fa1b6206801bbd9d04c6a60b7017') in 0.028269 seconds
  Import took 0.030435 seconds .

========================================================================
Received Prepare
Registering precompiled user dll's ...
Registered in 0.000635 seconds.
Begin MonoManager ReloadAssembly
Native extension for WindowsStandalone target not found
Native extension for WebGL target not found
Refreshing native plugins compatible for Editor in 0.31 ms, found 1 plugins.
Preloading 0 native plugins for Editor in 0.00 ms.
Invoked RoslynAnalysisRunner static constructor.
RoslynAnalysisRunner will not be running.
RoslynAnalysisRunner has terminated.
Mono: successfully reloaded assembly
- Completed reload, in  0.529 seconds
Platform modules already initialized, skipping
Refreshing native plugins compatible for Editor in 0.23 ms, found 1 plugins.
Preloading 0 native plugins for Editor in 0.00 ms.
Unloading 1816 Unused Serialized files (Serialized files now loaded: 0)
System memory in use before: 88.3 MB.
System memory in use after: 88.3 MB.

Unloading 12 unused Assets to reduce memory usage. Loaded Objects now: 2277.
Total: 1.701100 ms (FindLiveObjects: 0.182400 ms CreateObjectMapping: 0.054700 ms MarkObjects: 1.414500 ms  DeleteObjects: 0.049000 ms)

========================================================================
Received Prepare
Registering precompiled user dll's ...
Registered in 0.000593 seconds.
Begin MonoManager ReloadAssembly
Native extension for WindowsStandalone target not found
Native extension for WebGL target not found
Refreshing native plugins compatible for Editor in 0.30 ms, found 1 plugins.
Preloading 0 native plugins for Editor in 0.00 ms.
Invoked RoslynAnalysisRunner static constructor.
RoslynAnalysisRunner will not be running.
RoslynAnalysisRunner has terminated.
Mono: successfully reloaded assembly
- Completed reload, in  0.530 seconds
Platform modules already initialized, skipping
Refreshing native plugins compatible for Editor in 0.25 ms, found 1 plugins.
Preloading 0 native plugins for Editor in 0.00 ms.
Unloading 1816 Unused Serialized files (Serialized files now loaded: 0)
System memory in use before: 88.4 MB.
System memory in use after: 88.4 MB.

Unloading 12 unused Assets to reduce memory usage. Loaded Objects now: 2281.
Total: 1.640400 ms (FindLiveObjects: 0.140400 ms CreateObjectMapping: 0.050900 ms MarkObjects: 1.393100 ms  DeleteObjects: 0.055200 ms)

